[debug] [2026-02-13T19:03:24.936Z] > command requires scopes: ["email","openid","https://www.googleapis.com/auth/cloudplatformprojects.readonly","https://www.googleapis.com/auth/firebase","https://www.googleapis.com/auth/cloud-platform"]
[debug] [2026-02-13T19:03:24.937Z] > authorizing via signed-in user (giulio97.leone@gmail.com)
[debug] [2026-02-13T19:03:24.937Z] Checked if tokens are valid: false, expires at: 1771001474735
[debug] [2026-02-13T19:03:24.938Z] Checked if tokens are valid: false, expires at: 1771001474735
[debug] [2026-02-13T19:03:24.938Z] > refreshing access token with scopes: []
[debug] [2026-02-13T19:03:24.938Z] >>> [apiv2][query] POST https://www.googleapis.com/oauth2/v3/token [none]
[debug] [2026-02-13T19:03:24.939Z] >>> [apiv2][body] POST https://www.googleapis.com/oauth2/v3/token [omitted]
[debug] [2026-02-13T19:03:25.077Z] <<< [apiv2][status] POST https://www.googleapis.com/oauth2/v3/token 200
[debug] [2026-02-13T19:03:25.077Z] <<< [apiv2][body] POST https://www.googleapis.com/oauth2/v3/token [omitted]
[debug] [2026-02-13T19:03:25.088Z] >>> [apiv2][query] GET https://cloudbilling.googleapis.com/v1/projects/physioskills-2f790/billingInfo [none]
[debug] [2026-02-13T19:03:25.857Z] <<< [apiv2][status] GET https://cloudbilling.googleapis.com/v1/projects/physioskills-2f790/billingInfo 200
[debug] [2026-02-13T19:03:25.857Z] <<< [apiv2][body] GET https://cloudbilling.googleapis.com/v1/projects/physioskills-2f790/billingInfo {"name":"projects/physioskills-2f790/billingInfo","projectId":"physioskills-2f790","billingAccountName":"billingAccounts/018043-EE88A6-2D5341","billingEnabled":true}
[debug] [2026-02-13T19:03:25.860Z] Checked if tokens are valid: true, expires at: 1771013004077
[debug] [2026-02-13T19:03:25.860Z] Checked if tokens are valid: true, expires at: 1771013004077
[debug] [2026-02-13T19:03:25.864Z] Checked if tokens are valid: true, expires at: 1771013004077
[debug] [2026-02-13T19:03:25.864Z] Checked if tokens are valid: true, expires at: 1771013004077
[debug] [2026-02-13T19:03:25.864Z] >>> [apiv2][query] GET https://serviceusage.googleapis.com/v1/projects/physioskills-2f790/services/firebasedataconnect.googleapis.com [none]
[debug] [2026-02-13T19:03:25.864Z] >>> [apiv2][(partial)header] GET https://serviceusage.googleapis.com/v1/projects/physioskills-2f790/services/firebasedataconnect.googleapis.com  x-goog-user-project=physioskills-2f790
[debug] [2026-02-13T19:03:25.865Z] >>> [apiv2][query] GET https://serviceusage.googleapis.com/v1/projects/physioskills-2f790/services/firebaseio.com [none]
[debug] [2026-02-13T19:03:25.865Z] >>> [apiv2][(partial)header] GET https://serviceusage.googleapis.com/v1/projects/physioskills-2f790/services/firebaseio.com  x-goog-user-project=physioskills-2f790
[debug] [2026-02-13T19:03:26.686Z] <<< [apiv2][status] GET https://serviceusage.googleapis.com/v1/projects/physioskills-2f790/services/firebaseio.com 403
[debug] [2026-02-13T19:03:26.687Z] <<< [apiv2][body] GET https://serviceusage.googleapis.com/v1/projects/physioskills-2f790/services/firebaseio.com [omitted]
[debug] [2026-02-13T19:03:27.070Z] <<< [apiv2][status] GET https://serviceusage.googleapis.com/v1/projects/physioskills-2f790/services/firebasedataconnect.googleapis.com 200
[debug] [2026-02-13T19:03:27.071Z] <<< [apiv2][body] GET https://serviceusage.googleapis.com/v1/projects/physioskills-2f790/services/firebasedataconnect.googleapis.com [omitted]
[debug] [2026-02-13T19:04:25.154Z] > command requires scopes: ["email","openid","https://www.googleapis.com/auth/cloudplatformprojects.readonly","https://www.googleapis.com/auth/firebase","https://www.googleapis.com/auth/cloud-platform"]
[debug] [2026-02-13T19:04:25.155Z] > authorizing via signed-in user (giulio97.leone@gmail.com)
[debug] [2026-02-13T19:04:25.156Z] Checked if tokens are valid: true, expires at: 1771013004077
[debug] [2026-02-13T19:04:25.156Z] Checked if tokens are valid: true, expires at: 1771013004077
[debug] [2026-02-13T19:04:25.156Z] >>> [apiv2][query] GET https://cloudbilling.googleapis.com/v1/projects/physioskills-2f790/billingInfo [none]
[debug] [2026-02-13T19:04:25.541Z] <<< [apiv2][status] GET https://cloudbilling.googleapis.com/v1/projects/physioskills-2f790/billingInfo 200
[debug] [2026-02-13T19:04:25.541Z] <<< [apiv2][body] GET https://cloudbilling.googleapis.com/v1/projects/physioskills-2f790/billingInfo {"name":"projects/physioskills-2f790/billingInfo","projectId":"physioskills-2f790","billingAccountName":"billingAccounts/018043-EE88A6-2D5341","billingEnabled":true}
[debug] [2026-02-13T19:04:25.543Z] > command requires scopes: ["email","openid","https://www.googleapis.com/auth/cloudplatformprojects.readonly","https://www.googleapis.com/auth/firebase","https://www.googleapis.com/auth/cloud-platform"]
[debug] [2026-02-13T19:04:25.543Z] > authorizing via signed-in user (giulio97.leone@gmail.com)
[debug] [2026-02-13T20:52:03.644Z] > command requires scopes: ["email","openid","https://www.googleapis.com/auth/cloudplatformprojects.readonly","https://www.googleapis.com/auth/firebase","https://www.googleapis.com/auth/cloud-platform"]
[debug] [2026-02-13T20:52:03.646Z] > authorizing via signed-in user (giulio97.leone@gmail.com)
[debug] [2026-02-13T20:52:03.646Z] Checked if tokens are valid: true, expires at: 1771019390635
[debug] [2026-02-13T20:52:03.646Z] Checked if tokens are valid: true, expires at: 1771019390635
[debug] [2026-02-13T20:52:03.647Z] >>> [apiv2][query] GET https://cloudbilling.googleapis.com/v1/projects/physioskills-2f790/billingInfo [none]
[debug] [2026-02-13T20:52:04.419Z] <<< [apiv2][status] GET https://cloudbilling.googleapis.com/v1/projects/physioskills-2f790/billingInfo 200
[debug] [2026-02-13T20:52:04.419Z] <<< [apiv2][body] GET https://cloudbilling.googleapis.com/v1/projects/physioskills-2f790/billingInfo {"name":"projects/physioskills-2f790/billingInfo","projectId":"physioskills-2f790","billingAccountName":"billingAccounts/018043-EE88A6-2D5341","billingEnabled":true}
[debug] [2026-02-13T20:52:04.422Z] Checked if tokens are valid: true, expires at: 1771019390635
[debug] [2026-02-13T20:52:04.422Z] Checked if tokens are valid: true, expires at: 1771019390635
[debug] [2026-02-13T20:52:04.426Z] Checked if tokens are valid: true, expires at: 1771019390635
[debug] [2026-02-13T20:52:04.426Z] Checked if tokens are valid: true, expires at: 1771019390635
[debug] [2026-02-13T20:52:04.426Z] >>> [apiv2][query] GET https://serviceusage.googleapis.com/v1/projects/physioskills-2f790/services/firebasedataconnect.googleapis.com [none]
[debug] [2026-02-13T20:52:04.426Z] >>> [apiv2][(partial)header] GET https://serviceusage.googleapis.com/v1/projects/physioskills-2f790/services/firebasedataconnect.googleapis.com  x-goog-user-project=physioskills-2f790
[debug] [2026-02-13T20:52:04.427Z] >>> [apiv2][query] GET https://serviceusage.googleapis.com/v1/projects/physioskills-2f790/services/firebaseio.com [none]
[debug] [2026-02-13T20:52:04.427Z] >>> [apiv2][(partial)header] GET https://serviceusage.googleapis.com/v1/projects/physioskills-2f790/services/firebaseio.com  x-goog-user-project=physioskills-2f790
[debug] [2026-02-13T20:52:05.051Z] <<< [apiv2][status] GET https://serviceusage.googleapis.com/v1/projects/physioskills-2f790/services/firebaseio.com 403
[debug] [2026-02-13T20:52:05.051Z] <<< [apiv2][body] GET https://serviceusage.googleapis.com/v1/projects/physioskills-2f790/services/firebaseio.com [omitted]
[debug] [2026-02-13T20:52:05.283Z] <<< [apiv2][status] GET https://serviceusage.googleapis.com/v1/projects/physioskills-2f790/services/firebasedataconnect.googleapis.com 200
[debug] [2026-02-13T20:52:05.283Z] <<< [apiv2][body] GET https://serviceusage.googleapis.com/v1/projects/physioskills-2f790/services/firebasedataconnect.googleapis.com [omitted]
